

HI-TECH Software PIC LITE Macro Assembler V9.80 build 6738 
                                                                                               Wed Jun 20 22:53:58 2012

HI-TECH Software Omniscient Code Generator (Lite mode) build 6738
     1  0000                     opt subtitle "HI-TECH Software Omniscient Code Generator (Lite mode) build 6738"
     2                           
     3                           opt pagewidth 120
     4                           
     5                           	opt lm
     6                           
     7                           	processor	16F876A
     8                           clrc	macro
     9                           	bcf	3,0
    10  0000                     	endm
    11                           clrz	macro
    12                           	bcf	3,2
    13  0000                     	endm
    14                           setc	macro
    15                           	bsf	3,0
    16  0000                     	endm
    17                           setz	macro
    18                           	bsf	3,2
    19  0000                     	endm
    20                           skipc	macro
    21                           	btfss	3,0
    22  0000                     	endm
    23                           skipz	macro
    24                           	btfss	3,2
    25  0000                     	endm
    26                           skipnc	macro
    27                           	btfsc	3,0
    28  0000                     	endm
    29                           skipnz	macro
    30                           	btfsc	3,2
    31  0000                     	endm
    32  0000                     indf	equ	0
    33  0000                     indf0	equ	0
    34  0002                     pc	equ	2
    35  0002                     pcl	equ	2
    36  0003                     status	equ	3
    37  0004                     fsr	equ	4
    38  0004                     fsr0	equ	4
    39  0001                     c	equ	1
    40  0000                     z	equ	0
    41  000A                     pclath	equ	10
    42                           # 17 "C:\Users\Phang\Desktop\9.80\PR 10A\PR10-MD10C.c"
    43                           	psect config,class=CONFIG,delta=2 ;#
    44                           # 17 "C:\Users\Phang\Desktop\9.80\PR 10A\PR10-MD10C.c"
    45  2007  3F32               	dw 0x3F32 ;#
    46                           	FNCALL	_main,_delay
    47                           	FNROOT	_main
    48                           	global	_temp
    49                           psect	idataCOMMON,class=CODE,space=0,delta=2
    50                           global __pidataCOMMON
    51  0752                     __pidataCOMMON:
    52                           	file	"C:\Users\Phang\Desktop\9.80\PR 10A\PR10-MD10C.c"
    53                           	line	34
    54                           
    55                           ;initializer for _temp
    56  0752  3432               	retlw	032h
    57                           	global	_CCP1CON
    58  0017                     _CCP1CON	set	23
    59                           	global	_CCPR1L
    60  0015                     _CCPR1L	set	21
    61                           	global	_T2CON
    62  0012                     _T2CON	set	18
    63                           	global	_RA1
    64  0029                     _RA1	set	41
    65                           	global	_RA2
    66  002A                     _RA2	set	42
    67                           	global	_RA3
    68  002B                     _RA3	set	43
    69                           	global	_RA4
    70  002C                     _RA4	set	44
    71                           	global	_RB2
    72  0032                     _RB2	set	50
    73                           	global	_ADCON1
    74  009F                     _ADCON1	set	159
    75                           	global	_PR2
    76  0092                     _PR2	set	146
    77                           	global	_TRISA
    78  0085                     _TRISA	set	133
    79                           	global	_TRISB
    80  0086                     _TRISB	set	134
    81                           	global	_TRISC
    82  0087                     _TRISC	set	135
    83                           	file	"PR 10A.as"
    84                           	line	#
    85                           psect cinit,class=CODE,delta=2
    86                           global start_initialization
    87  0753                     start_initialization:
    88                           
    89                           psect	dataCOMMON,class=COMMON,space=1
    90                           global __pdataCOMMON
    91  0079                     __pdataCOMMON:
    92                           	file	"C:\Users\Phang\Desktop\9.80\PR 10A\PR10-MD10C.c"
    93  0079                     _temp:
    94  0079                            ds      1
    95                           
    96                           ; Initialize objects allocated to COMMON
    97                           	global __pidataCOMMON
    98                           psect cinit,class=CODE,delta=2
    99  0753  120A  118A  2752   	fcall	__pidataCOMMON+0		;fetch initializer
              120A  118A         
   100  0758  00F9               	movwf	__pdataCOMMON+0&07fh		
   101                           psect cinit,class=CODE,delta=2
   102                           global end_of_initialization
   103                           
   104                           ;End of C runtime variable initialization code
   105                           
   106  0759                     end_of_initialization:
   107  0759  0183               clrf status
   108  075A  120A  118A  2F8D   ljmp _main	;jump to C main() function
   109                           psect	cstackCOMMON,class=COMMON,space=1
   110                           global __pcstackCOMMON
   111  0070                     __pcstackCOMMON:
   112                           	global	?_delay
   113  0070                     ?_delay:	; 0 bytes @ 0x0
   114                           	global	?_main
   115  0070                     ?_main:	; 0 bytes @ 0x0
   116                           	global	delay@data
   117  0070                     delay@data:	; 4 bytes @ 0x0
   118  0070                     	ds	4
   119                           	global	??_delay
   120  0074                     ??_delay:	; 0 bytes @ 0x4
   121  0074                     	ds	4
   122                           	global	??_main
   123  0078                     ??_main:	; 0 bytes @ 0x8
   124  0078                     	ds	1
   125 ;;Data sizes: Strings 0, constant 0, data 1, bss 0, persistent 0 stack 0
   126 ;;Auto spaces:   Size  Autos    Used
   127 ;; COMMON          14      9      10
   128 ;; BANK0           80      0       0
   129 ;; BANK1           80      0       0
   130 ;; BANK3           96      0       0
   131 ;; BANK2           96      0       0
   132                           
   133 ;;
   134 ;; Pointer list with targets:
   135                           
   136                           
   137                           
   138 ;;
   139 ;; Critical Paths under _main in COMMON
   140 ;;
   141 ;;   _main->_delay
   142 ;;
   143 ;; Critical Paths under _main in BANK0
   144 ;;
   145 ;;   None.
   146 ;;
   147 ;; Critical Paths under _main in BANK1
   148 ;;
   149 ;;   None.
   150 ;;
   151 ;; Critical Paths under _main in BANK3
   152 ;;
   153 ;;   None.
   154 ;;
   155 ;; Critical Paths under _main in BANK2
   156 ;;
   157 ;;   None.
   158                           
   159 ;;
   160 ;;Main: autosize = 0, tempsize = 1, incstack = 0, save=0
   161 ;;
   162                           
   163 ;;
   164 ;;Call Graph Tables:
   165 ;;
   166 ;; ---------------------------------------------------------------------------------
   167 ;; (Depth) Function   	        Calls       Base Space   Used Autos Params    Refs
   168 ;; ---------------------------------------------------------------------------------
   169 ;; (0) _main                                                 1     1      0      30
   170 ;;                                              8 COMMON     1     1      0
   171 ;;                              _delay
   172 ;; ---------------------------------------------------------------------------------
   173 ;; (1) _delay                                                8     4      4      30
   174 ;;                                              0 COMMON     8     4      4
   175 ;; ---------------------------------------------------------------------------------
   176 ;; Estimated maximum stack depth 1
   177 ;; ---------------------------------------------------------------------------------
   178                           
   179 ;; Call Graph Graphs:
   180                           
   181 ;; _main (ROOT)
   182 ;;   _delay
   183 ;;
   184                           
   185 ;; Address spaces:
   186                           
   187 ;;Name               Size   Autos  Total    Cost      Usage
   188 ;;BANK3               60      0       0       9        0.0%
   189 ;;BITBANK3            60      0       0       8        0.0%
   190 ;;SFR3                 0      0       0       4        0.0%
   191 ;;BITSFR3              0      0       0       4        0.0%
   192 ;;BANK2               60      0       0      11        0.0%
   193 ;;BITBANK2            60      0       0      10        0.0%
   194 ;;SFR2                 0      0       0       5        0.0%
   195 ;;BITSFR2              0      0       0       5        0.0%
   196 ;;SFR1                 0      0       0       2        0.0%
   197 ;;BITSFR1              0      0       0       2        0.0%
   198 ;;BANK1               50      0       0       7        0.0%
   199 ;;BITBANK1            50      0       0       6        0.0%
   200 ;;CODE                 0      0       0       0        0.0%
   201 ;;DATA                 0      0       B      12        0.0%
   202 ;;ABS                  0      0       A       3        0.0%
   203 ;;NULL                 0      0       0       0        0.0%
   204 ;;STACK                0      0       1       2        0.0%
   205 ;;BANK0               50      0       0       5        0.0%
   206 ;;BITBANK0            50      0       0       4        0.0%
   207 ;;SFR0                 0      0       0       1        0.0%
   208 ;;BITSFR0              0      0       0       1        0.0%
   209 ;;COMMON               E      9       A       1       71.4%
   210 ;;BITCOMMON            E      0       0       0        0.0%
   211 ;;EEDATA             100      0       0       0        0.0%
   212                           
   213                           	global	_main
   214                           psect	maintext,global,class=CODE,delta=2
   215                           global __pmaintext
   216  078D                     __pmaintext:
   217                           
   218 ;; *************** function _main *****************
   219 ;; Defined at:
   220 ;;		line 41 in file "C:\Users\Phang\Desktop\9.80\PR 10A\PR10-MD10C.c"
   221 ;; Parameters:    Size  Location     Type
   222 ;;		None
   223 ;; Auto vars:     Size  Location     Type
   224 ;;		None
   225 ;; Return value:  Size  Location     Type
   226 ;;		None               void
   227 ;; Registers used:
   228 ;;		wreg, status,2, status,0, pclath, cstack
   229 ;; Tracked objects:
   230 ;;		On entry : 17F/0
   231 ;;		On exit  : 0/0
   232 ;;		Unchanged: 0/0
   233 ;; Data sizes:     COMMON   BANK0   BANK1   BANK3   BANK2
   234 ;;      Params:         0       0       0       0       0
   235 ;;      Locals:         0       0       0       0       0
   236 ;;      Temps:          1       0       0       0       0
   237 ;;      Totals:         1       0       0       0       0
   238 ;;Total ram usage:        1 bytes
   239 ;; Hardware stack levels required when called:    1
   240 ;; This function calls:
   241 ;;		_delay
   242 ;; This function is called by:
   243 ;;		Startup code after reset
   244 ;; This function uses a non-reentrant model
   245 ;;
   246                           psect	maintext
   247                           	file	"C:\Users\Phang\Desktop\9.80\PR 10A\PR10-MD10C.c"
   248                           	line	41
   249                           	global	__size_of_main
   250  0073                     	__size_of_main	equ	__end_of_main-_main
   251                           	
   252  078D                     _main:	
   253                           	opt	stack 7
   254                           ; Regs used in _main: [wreg+status,2+status,0+pclath+cstack]
   255                           	line	43
   256                           	
   257  078D                     l1680:	
   258                           ;PR10-MD10C.c: 43: ADCON1 = 0x06;
   259  078D  3006               	movlw	(06h)
   260  078E  1683               	bsf	status, 5	;RP0=1, select bank1
   261  078F  1303               	bcf	status, 6	;RP1=0, select bank1
   262  0790  009F               	movwf	(159)^080h	;volatile
   263                           	line	45
   264                           ;PR10-MD10C.c: 45: TRISA = 0b11111111;
   265  0791  30FF               	movlw	(0FFh)
   266  0792  0085               	movwf	(133)^080h	;volatile
   267                           	line	46
   268                           	
   269  0793                     l1682:	
   270                           ;PR10-MD10C.c: 46: TRISB = 0b00000000;
   271  0793  0186               	clrf	(134)^080h	;volatile
   272                           	line	47
   273                           	
   274  0794                     l1684:	
   275                           ;PR10-MD10C.c: 47: TRISC = 0b11000000;
   276  0794  30C0               	movlw	(0C0h)
   277  0795  0087               	movwf	(135)^080h	;volatile
   278                           	line	49
   279                           	
   280  0796                     l1686:	
   281                           ;PR10-MD10C.c: 49: CCP1CON = 0b00001100;
   282  0796  300C               	movlw	(0Ch)
   283  0797  1283               	bcf	status, 5	;RP0=0, select bank0
   284  0798  1303               	bcf	status, 6	;RP1=0, select bank0
   285  0799  0097               	movwf	(23)	;volatile
   286                           	line	52
   287                           	
   288  079A                     l1688:	
   289                           ;PR10-MD10C.c: 52: PR2 = 0xFF;
   290  079A  30FF               	movlw	(0FFh)
   291  079B  1683               	bsf	status, 5	;RP0=1, select bank1
   292  079C  1303               	bcf	status, 6	;RP1=0, select bank1
   293  079D  0092               	movwf	(146)^080h	;volatile
   294                           	line	53
   295                           	
   296  079E                     l1690:	
   297                           ;PR10-MD10C.c: 53: T2CON = 0b00000101;
   298  079E  3005               	movlw	(05h)
   299  079F  1283               	bcf	status, 5	;RP0=0, select bank0
   300  07A0  1303               	bcf	status, 6	;RP1=0, select bank0
   301  07A1  0092               	movwf	(18)	;volatile
   302                           	line	56
   303                           	
   304  07A2                     l1692:	
   305                           ;PR10-MD10C.c: 56: CCPR1L = 0;
   306  07A2  0195               	clrf	(21)	;volatile
   307                           	line	57
   308                           	
   309  07A3                     l1694:	
   310                           ;PR10-MD10C.c: 57: RB2 = 0;
   311  07A3  1106               	bcf	(50/8),(50)&7
   312  07A4  2FA5               	goto	l1696
   313                           	line	59
   314                           ;PR10-MD10C.c: 59: while(1)
   315                           	
   316  07A5                     l499:	
   317                           	line	61
   318                           	
   319  07A5                     l1696:	
   320                           ;PR10-MD10C.c: 60: {
   321                           ;PR10-MD10C.c: 61: if(RA1==0)
   322  07A5  1283               	bcf	status, 5	;RP0=0, select bank0
   323  07A6  1303               	bcf	status, 6	;RP1=0, select bank0
   324  07A7  1885               	btfsc	(41/8),(41)&7
   325  07A8  2FAA               	goto	u2171
   326  07A9  2FAB               	goto	u2170
   327  07AA                     u2171:
   328  07AA  2FAE               	goto	l500
   329  07AB                     u2170:
   330                           	line	63
   331                           	
   332  07AB                     l1698:	
   333                           ;PR10-MD10C.c: 62: {
   334                           ;PR10-MD10C.c: 63: CCPR1L=0;
   335  07AB  0195               	clrf	(21)	;volatile
   336                           	line	64
   337                           	
   338  07AC                     l1700:	
   339                           ;PR10-MD10C.c: 64: RB2=0;
   340  07AC  1106               	bcf	(50/8),(50)&7
   341                           	line	65
   342                           ;PR10-MD10C.c: 65: }
   343  07AD  2FA5               	goto	l1696
   344                           	line	67
   345                           	
   346  07AE                     l500:	
   347                           ;PR10-MD10C.c: 67: else if(RA2==0)
   348  07AE  1905               	btfsc	(42/8),(42)&7
   349  07AF  2FB1               	goto	u2181
   350  07B0  2FB2               	goto	u2180
   351  07B1                     u2181:
   352  07B1  2FBE               	goto	l502
   353  07B2                     u2180:
   354  07B2  2FB4               	goto	l503
   355                           	line	69
   356                           	
   357  07B3                     l1702:	
   358                           ;PR10-MD10C.c: 68: {
   359                           ;PR10-MD10C.c: 69: while(RA2==0)continue;
   360  07B3  2FB4               	goto	l503
   361                           	
   362  07B4                     l504:	
   363                           	
   364  07B4                     l503:	
   365  07B4  1D05               	btfss	(42/8),(42)&7
   366  07B5  2FB7               	goto	u2191
   367  07B6  2FB8               	goto	u2190
   368  07B7                     u2191:
   369  07B7  2FB4               	goto	l503
   370  07B8                     u2190:
   371  07B8  2FB9               	goto	l1704
   372                           	
   373  07B9                     l505:	
   374                           	line	70
   375                           	
   376  07B9                     l1704:	
   377                           ;PR10-MD10C.c: 70: CCPR1L=temp;
   378  07B9  0879               	movf	(_temp),w
   379  07BA  0095               	movwf	(21)	;volatile
   380                           	line	71
   381                           ;PR10-MD10C.c: 71: RB2=!RB2;
   382  07BB  3004               	movlw	1<<((50)&7)
   383  07BC  0686               	xorwf	((50)/8),f
   384                           	line	72
   385                           ;PR10-MD10C.c: 72: }
   386  07BD  2FA5               	goto	l1696
   387                           	line	74
   388                           	
   389  07BE                     l502:	
   390                           ;PR10-MD10C.c: 74: else if(RA3==0)
   391  07BE  1985               	btfsc	(43/8),(43)&7
   392  07BF  2FC1               	goto	u2201
   393  07C0  2FC2               	goto	u2200
   394  07C1                     u2201:
   395  07C1  2FDD               	goto	l507
   396  07C2                     u2200:
   397                           	line	76
   398                           	
   399  07C2                     l1706:	
   400                           ;PR10-MD10C.c: 75: {
   401                           ;PR10-MD10C.c: 76: if(temp<255)temp+=1;
   402  07C2  0879               	movf	(_temp),w
   403  07C3  3AFF               	xorlw	0FFh
   404  07C4  1903               	skipnz
   405  07C5  2FC7               	goto	u2211
   406  07C6  2FC8               	goto	u2210
   407  07C7                     u2211:
   408  07C7  2FCD               	goto	l1710
   409  07C8                     u2210:
   410                           	
   411  07C8                     l1708:	
   412  07C8  3001               	movlw	(01h)
   413  07C9  00F8               	movwf	(??_main+0)+0
   414  07CA  0878               	movf	(??_main+0)+0,w
   415  07CB  07F9               	addwf	(_temp),f
   416  07CC  2FCD               	goto	l1710
   417                           	
   418  07CD                     l508:	
   419                           	line	77
   420                           	
   421  07CD                     l1710:	
   422                           ;PR10-MD10C.c: 77: CCPR1L=temp;
   423  07CD  0879               	movf	(_temp),w
   424  07CE  0095               	movwf	(21)	;volatile
   425                           	line	78
   426                           	
   427  07CF                     l1712:	
   428                           ;PR10-MD10C.c: 78: delay(5000);
   429  07CF  3000               	movlw	0
   430  07D0  00F3               	movwf	(?_delay+3)
   431  07D1  3000               	movlw	0
   432  07D2  00F2               	movwf	(?_delay+2)
   433  07D3  3013               	movlw	013h
   434  07D4  00F1               	movwf	(?_delay+1)
   435  07D5  3088               	movlw	088h
   436  07D6  00F0               	movwf	(?_delay)
   437                           
   438  07D7  120A  118A  275D   	fcall	_delay
              120A  118A         
   439                           	line	79
   440                           ;PR10-MD10C.c: 79: }
   441  07DC  2FA5               	goto	l1696
   442                           	line	81
   443                           	
   444  07DD                     l507:	
   445                           ;PR10-MD10C.c: 81: else if(RA4==0)
   446  07DD  1A05               	btfsc	(44/8),(44)&7
   447  07DE  2FE0               	goto	u2221
   448  07DF  2FE1               	goto	u2220
   449  07E0                     u2221:
   450  07E0  2FA5               	goto	l1696
   451  07E1                     u2220:
   452                           	line	83
   453                           	
   454  07E1                     l1714:	
   455                           ;PR10-MD10C.c: 82: {
   456                           ;PR10-MD10C.c: 83: if(temp>0)temp-=1;
   457  07E1  0879               	movf	(_temp),w
   458  07E2  1D03               	skipz
   459  07E3  2FE5               	goto	u2230
   460  07E4  2FE8               	goto	l1718
   461  07E5                     u2230:
   462                           	
   463  07E5                     l1716:	
   464  07E5  3001               	movlw	low(01h)
   465  07E6  02F9               	subwf	(_temp),f
   466  07E7  2FE8               	goto	l1718
   467                           	
   468  07E8                     l511:	
   469                           	line	84
   470                           	
   471  07E8                     l1718:	
   472                           ;PR10-MD10C.c: 84: CCPR1L=temp;
   473  07E8  0879               	movf	(_temp),w
   474  07E9  0095               	movwf	(21)	;volatile
   475                           	line	85
   476                           	
   477  07EA                     l1720:	
   478                           ;PR10-MD10C.c: 85: delay(5000);
   479  07EA  3000               	movlw	0
   480  07EB  00F3               	movwf	(?_delay+3)
   481  07EC  3000               	movlw	0
   482  07ED  00F2               	movwf	(?_delay+2)
   483  07EE  3013               	movlw	013h
   484  07EF  00F1               	movwf	(?_delay+1)
   485  07F0  3088               	movlw	088h
   486  07F1  00F0               	movwf	(?_delay)
   487                           
   488  07F2  120A  118A  275D   	fcall	_delay
              120A  118A         
   489  07F7  2FA5               	goto	l1696
   490                           	line	86
   491                           	
   492  07F8                     l510:	
   493  07F8  2FA5               	goto	l1696
   494                           	line	87
   495                           	
   496  07F9                     l509:	
   497  07F9  2FA5               	goto	l1696
   498                           	
   499  07FA                     l506:	
   500  07FA  2FA5               	goto	l1696
   501                           	
   502  07FB                     l501:	
   503  07FB  2FA5               	goto	l1696
   504                           	
   505  07FC                     l512:	
   506                           	line	59
   507  07FC  2FA5               	goto	l1696
   508                           	
   509  07FD                     l513:	
   510                           	line	88
   511                           	
   512  07FD                     l514:	
   513                           	global	start
   514  07FD  120A  118A  2800   	ljmp	start
   515                           	opt stack 0
   516                           GLOBAL	__end_of_main
   517  0800                     	__end_of_main:
   518 ;; =============== function _main ends ============
   519                           
   520                           	signat	_main,88
   521                           	global	_delay
   522                           psect	text55,local,class=CODE,delta=2
   523                           global __ptext55
   524  075D                     __ptext55:
   525                           
   526 ;; *************** function _delay *****************
   527 ;; Defined at:
   528 ;;		line 94 in file "C:\Users\Phang\Desktop\9.80\PR 10A\PR10-MD10C.c"
   529 ;; Parameters:    Size  Location     Type
   530 ;;  data            4    0[COMMON] unsigned long 
   531 ;; Auto vars:     Size  Location     Type
   532 ;;		None
   533 ;; Return value:  Size  Location     Type
   534 ;;		None               void
   535 ;; Registers used:
   536 ;;		wreg
   537 ;; Tracked objects:
   538 ;;		On entry : 0/0
   539 ;;		On exit  : 0/0
   540 ;;		Unchanged: 0/0
   541 ;; Data sizes:     COMMON   BANK0   BANK1   BANK3   BANK2
   542 ;;      Params:         4       0       0       0       0
   543 ;;      Locals:         0       0       0       0       0
   544 ;;      Temps:          4       0       0       0       0
   545 ;;      Totals:         8       0       0       0       0
   546 ;;Total ram usage:        8 bytes
   547 ;; Hardware stack levels used:    1
   548 ;; This function calls:
   549 ;;		Nothing
   550 ;; This function is called by:
   551 ;;		_main
   552 ;; This function uses a non-reentrant model
   553 ;;
   554                           psect	text55
   555                           	file	"C:\Users\Phang\Desktop\9.80\PR 10A\PR10-MD10C.c"
   556                           	line	94
   557                           	global	__size_of_delay
   558  0030                     	__size_of_delay	equ	__end_of_delay-_delay
   559                           	
   560  075D                     _delay:	
   561                           	opt	stack 7
   562                           ; Regs used in _delay: [wreg]
   563                           	line	95
   564                           	
   565  075D                     l888:	
   566                           ;PR10-MD10C.c: 95: for( ;data>0;data-=1);
   567  075D  0873               	movf	(delay@data+3),w
   568  075E  0472               	iorwf	(delay@data+2),w
   569  075F  0471               	iorwf	(delay@data+1),w
   570  0760  0470               	iorwf	(delay@data),w
   571  0761  1D03               	skipz
   572  0762  2F64               	goto	u11
   573  0763  2F65               	goto	u10
   574  0764                     u11:
   575  0764  2F67               	goto	l892
   576  0765                     u10:
   577  0765  2F8C               	goto	l519
   578                           	
   579  0766                     l890:	
   580  0766  2F8C               	goto	l519
   581                           	
   582  0767                     l517:	
   583                           	
   584  0767                     l892:	
   585  0767  3001               	movlw	01h
   586  0768  00F4               	movwf	((??_delay+0)+0)
   587  0769  3000               	movlw	0
   588  076A  00F5               	movwf	((??_delay+0)+0+1)
   589  076B  3000               	movlw	0
   590  076C  00F6               	movwf	((??_delay+0)+0+2)
   591  076D  3000               	movlw	0
   592  076E  00F7               	movwf	((??_delay+0)+0+3)
   593  076F  0874               	movf	0+(??_delay+0)+0,w
   594  0770  02F0               	subwf	(delay@data),f
   595  0771  0875               	movf	1+(??_delay+0)+0,w
   596  0772  1C03               	skipc
   597  0773  0F75               	incfsz	1+(??_delay+0)+0,w
   598  0774  2F76               	goto	u25
   599  0775  2F77               	goto	u26
   600  0776                     u25:
   601  0776  02F1               	subwf	(delay@data+1),f
   602  0777                     u26:
   603  0777  0876               	movf	2+(??_delay+0)+0,w
   604  0778  1C03               	skipc
   605  0779  0F76               	incfsz	2+(??_delay+0)+0,w
   606  077A  2F7C               	goto	u27
   607  077B  2F7D               	goto	u28
   608  077C                     u27:
   609  077C  02F2               	subwf	(delay@data+2),f
   610  077D                     u28:
   611  077D  0877               	movf	3+(??_delay+0)+0,w
   612  077E  1C03               	skipc
   613  077F  0F77               	incfsz	3+(??_delay+0)+0,w
   614  0780  2F82               	goto	u29
   615  0781  2F83               	goto	u20
   616  0782                     u29:
   617  0782  02F3               	subwf	(delay@data+3),f
   618  0783                     u20:
   619                           
   620  0783  0873               	movf	(delay@data+3),w
   621  0784  0472               	iorwf	(delay@data+2),w
   622  0785  0471               	iorwf	(delay@data+1),w
   623  0786  0470               	iorwf	(delay@data),w
   624  0787  1D03               	skipz
   625  0788  2F8A               	goto	u31
   626  0789  2F8B               	goto	u30
   627  078A                     u31:
   628  078A  2F67               	goto	l892
   629  078B                     u30:
   630  078B  2F8C               	goto	l519
   631                           	
   632  078C                     l518:	
   633                           	line	96
   634                           	
   635  078C                     l519:	
   636  078C  0008               	return
   637                           	opt stack 0
   638                           GLOBAL	__end_of_delay
   639  078D                     	__end_of_delay:
   640 ;; =============== function _delay ends ============
   641                           
   642                           	signat	_delay,4216
   643                           psect	text56,local,class=CODE,delta=2
   644                           global __ptext56
   645  0000                     __ptext56:
   646                           	global	btemp
   647  007E                     	btemp set 07Eh
   648                           
   649                           	DABS	1,126,2	;btemp
   650                           	global	wtemp0
   651  007E                     	wtemp0 set btemp


HI-TECH Software PICC Macro Assembler V9.80 build 6738 
Symbol Table                                                                                   Wed Jun 20 22:53:58 2012

                  u10 0765                    u11 0764                    u20 0783                    u30 078B  
                  u31 078A                    u25 0776                    u26 0777                    u27 077C  
                  u28 077D                    u29 0782                   l500 07AE                   l501 07FB  
                 l510 07F8                   l502 07BE                   l511 07E8                   l503 07B4  
                 l512 07FC                   l504 07B4                   l513 07FD                   l505 07B9  
                 l514 07FD                   l506 07FA                   l507 07DD                   l508 07CD  
                 l517 0767                   l509 07F9                   l518 078C                   l519 078C  
                 l499 07A5                   l890 0766                   l892 0767                   l888 075D  
                 _RA1 0029                   _RA2 002A                   _RA3 002B                   _RB2 0032  
                 _RA4 002C                   _PR2 0092                  l1700 07AC                  l1710 07CD  
                l1702 07B3                  l1720 07EA                  l1712 07CF                  l1704 07B9  
                l1714 07E1                  l1706 07C2                  l1716 07E5                  l1708 07C8  
                l1718 07E8                  l1680 078D                  l1690 079E                  l1682 0793  
                l1692 07A2                  l1684 0794                  l1694 07A3                  l1686 0796  
                l1696 07A5                  l1688 079A                  l1698 07AB                  u2200 07C2  
                u2201 07C1                  u2210 07C8                  u2211 07C7                  u2220 07E1  
                u2221 07E0                  u2230 07E5                  u2170 07AB                  u2171 07AA  
                u2180 07B2                  u2181 07B1                  u2190 07B8                  u2191 07B7  
                _main 078D                  _temp 0079                  btemp 007E                  start 0000  
               ?_main 0070                 _T2CON 0012                 _TRISA 0085                 _TRISB 0086  
               _TRISC 0087                 _delay 075D                 status 0003                 wtemp0 007E  
        __end_of_main 0800                ??_main 0078                ?_delay 0070                _ADCON1 009F  
              _CCPR1L 0015          __pdataCOMMON 0079        __pcstackCOMMON 0070         __end_of_delay 078D  
             ??_delay 0074            __pmaintext 078D               _CCP1CON 0017  end_of_initialization 0759  
       __pidataCOMMON 0752   start_initialization 0753        __size_of_delay 0030             delay@data 0070  
            __ptext55 075D              __ptext56 0000         __size_of_main 0073  
